c:\users\malo\desktop\tp cpp\tp01 git\tpcpp\tp01\tp01\x64\debug\vc143.pdb
c:\users\malo\desktop\tp cpp\tp01 git\tpcpp\tp01\tp01\x64\debug\vc143.idb
c:\users\malo\desktop\tp cpp\tp01 git\tpcpp\tp01\tp01\x64\debug\tp01.obj
c:\users\malo\desktop\tp cpp\tp01 git\tpcpp\tp01\tp01\x64\debug\date.obj
c:\users\malo\desktop\tp cpp\tp01 git\tpcpp\tp01\tp01\x64\debug\livre.obj
c:\users\malo\desktop\tp cpp\tp01 git\tpcpp\tp01\tp01\x64\debug\lecteur.obj
c:\users\malo\desktop\tp cpp\tp01 git\tpcpp\tp01\tp01\x64\debug\bibliotheque.obj
c:\users\malo\desktop\tp cpp\tp01 git\tpcpp\tp01\x64\debug\tp01.exe
c:\users\malo\desktop\tp cpp\tp01 git\tpcpp\tp01\tp01\x64\debug\tp01.ilk
c:\users\malo\desktop\tp cpp\tp01 git\tpcpp\tp01\x64\debug\tp01.pdb
c:\users\malo\desktop\tp cpp\tp01 git\tpcpp\tp01\tp01\x64\debug\tp01.tlog\cl.command.1.tlog
c:\users\malo\desktop\tp cpp\tp01 git\tpcpp\tp01\tp01\x64\debug\tp01.tlog\cl.read.1.tlog
c:\users\malo\desktop\tp cpp\tp01 git\tpcpp\tp01\tp01\x64\debug\tp01.tlog\cl.write.1.tlog
c:\users\malo\desktop\tp cpp\tp01 git\tpcpp\tp01\tp01\x64\debug\tp01.tlog\link-cvtres.read.1.tlog
c:\users\malo\desktop\tp cpp\tp01 git\tpcpp\tp01\tp01\x64\debug\tp01.tlog\link-cvtres.write.1.tlog
c:\users\malo\desktop\tp cpp\tp01 git\tpcpp\tp01\tp01\x64\debug\tp01.tlog\link-rc.read.1.tlog
c:\users\malo\desktop\tp cpp\tp01 git\tpcpp\tp01\tp01\x64\debug\tp01.tlog\link-rc.write.1.tlog
c:\users\malo\desktop\tp cpp\tp01 git\tpcpp\tp01\tp01\x64\debug\tp01.tlog\link.15180-cvtres.read.1.tlog
c:\users\malo\desktop\tp cpp\tp01 git\tpcpp\tp01\tp01\x64\debug\tp01.tlog\link.15180-cvtres.write.1.tlog
c:\users\malo\desktop\tp cpp\tp01 git\tpcpp\tp01\tp01\x64\debug\tp01.tlog\link.15180-rc.read.1.tlog
c:\users\malo\desktop\tp cpp\tp01 git\tpcpp\tp01\tp01\x64\debug\tp01.tlog\link.15180-rc.write.1.tlog
c:\users\malo\desktop\tp cpp\tp01 git\tpcpp\tp01\tp01\x64\debug\tp01.tlog\link.15180.read.1.tlog
c:\users\malo\desktop\tp cpp\tp01 git\tpcpp\tp01\tp01\x64\debug\tp01.tlog\link.15180.read.2.tlog
c:\users\malo\desktop\tp cpp\tp01 git\tpcpp\tp01\tp01\x64\debug\tp01.tlog\link.15180.write.1.tlog
c:\users\malo\desktop\tp cpp\tp01 git\tpcpp\tp01\tp01\x64\debug\tp01.tlog\link.command.1.tlog
c:\users\malo\desktop\tp cpp\tp01 git\tpcpp\tp01\tp01\x64\debug\tp01.tlog\link.read.1.tlog
c:\users\malo\desktop\tp cpp\tp01 git\tpcpp\tp01\tp01\x64\debug\tp01.tlog\link.read.2.tlog
c:\users\malo\desktop\tp cpp\tp01 git\tpcpp\tp01\tp01\x64\debug\tp01.tlog\link.write.1.tlog
